  Generating lexical analyzer
  Generating syntax parser
  parser.y:43.12-17: warning: symbol factor is used, but is not defined as a token and has no rules [-Wother]
   %type<val> factor parameter_list ID identifier_list statement_list INTEGER
              ^^^^^^
  parser.y:70.24: warning: empty rule for typed nonterminal, and no action [-Wother]
   subprogram_declarations :  | subprogram_declaration subprogram_declarations
                          ^
  parser.y:95.10: warning: empty rule for typed nonterminal, and no action [-Wother]
   arguments : | LPARAN_T parameter_list RPARAN_T
            ^
  parser.y:95.15-46: warning: type clash on default action: <val> != <> [-Wother]
   arguments : | LPARAN_T parameter_list RPARAN_T
                 ^^^^^^^^^^^^^^^^^^^^^^^^^^^^^^^^
  parser.y:100.22-49: warning: type clash on default action: <val> != <> [-Wother]
   compound_statement : BEGIN_T statement_list END_T
                        ^^^^^^^^^^^^^^^^^^^^^^^^^^^^
  parser.y:143.3-7: warning: type clash on default action: <val> != <> [-Wother]
   | NOP_T
     ^^^^^
  parser.y:159.3-26: warning: type clash on default action: <val> != <> [-Wother]
   | NOT_T primary_expression
     ^^^^^^^^^^^^^^^^^^^^^^^^
  parser.y:191.3-25: warning: type clash on default action: <val> != <> [-Wother]
   | sign primary_expression
     ^^^^^^^^^^^^^^^^^^^^^^^
  parser.y:195.3-7: warning: type clash on default action: <val> != <> [-Wother]
   | FLOAT
     ^^^^^
parser.y : warning : 2 nonterminals useless in grammar [-Wother]
parser.y : warning : 2 rules useless in grammar [-Wother]
  parser.y:64.1-4: warning: nonterminal useless in grammar: type [-Wother]
   type : standard_type { }
   ^^^^
  parser.y:43.12-17: warning: nonterminal useless in grammar: factor [-Wother]
   %type<val> factor parameter_list ID identifier_list statement_list INTEGER
              ^^^^^^
  parser.y:64.8-24: warning: rule useless in grammar [-Wother]
   type : standard_type { }
          ^^^^^^^^^^^^^^^^^
  parser.y:65.19-67.17: warning: rule useless in grammar [-Wother]
   		| ARRAY_T LBRACKET_T INTEGER RBRACKET_T OF_T standard_type {
                     ^^^^^^^^^^^^^^^^^^^^^^^^^^^^^^^^^^^^^^^^^^^^^
parser.y : warning : 110 shift/reduce conflicts [-Wconflicts-sr]
  AST.cpp
c:\users\sh051\desktop\plproject4백업 - 복사본\hellowinbisonflex\ast.cpp(24): warning C4244: '=': 'float'에서 'int'(으)로 변환하면서 데이터가 손실될 수 있습니다.
  interp.cpp
c:\users\sh051\desktop\plproject4백업 - 복사본\hellowinbisonflex\interp.cpp(35): warning C4244: '=': 'int'에서 'float'(으)로 변환하면서 데이터가 손실될 수 있습니다.
c:\users\sh051\desktop\plproject4백업 - 복사본\hellowinbisonflex\interp.cpp(45): warning C4244: 'return': 'float'에서 'int'(으)로 변환하면서 데이터가 손실될 수 있습니다.
  lexer.cpp
c:\users\sh051\desktop\plproject4백업 - 복사본\hellowinbisonflex\lexer.cpp(398): warning C4005: 'yywrap': 매크로 재정의
  c:\users\sh051\desktop\plproject4백업 - 복사본\hellowinbisonflex\lexer.cpp(74): note: 'yywrap'의 이전 정의를 참조하십시오.
c:\users\sh051\desktop\plproject4백업 - 복사본\hellowinbisonflex\lexer.l(40): warning C4244: '인수': 'double'에서 'float'(으)로 변환하면서 데이터가 손실될 수 있습니다.
  parser.cpp
  코드를 생성하고 있습니다.
  3 of 55 functions ( 5.5%) were compiled, the rest were copied from previous compilation.
    0 functions were new in current compilation
    9 functions had inline decision re-evaluated but remain unchanged
  코드를 생성했습니다.
  HelloWinBisonFlex.vcxproj -> C:\Users\sh051\Desktop\PLproject4백업 - 복사본\x64\Release\PLproject.exe
